<?xml version="1.0" encoding="UTF-8"?>
<testsuite xmlns:xsi="http://www.w3.org/2001/XMLSchema-instance" xsi:noNamespaceSchemaLocation="https://maven.apache.org/surefire/maven-surefire-plugin/xsd/surefire-test-report-3.0.xsd" version="3.0" name="batalha.PersonagemTest" time="0.025" tests="10" errors="0" skipped="0" failures="0">
  <properties>
    <property name="java.specification.version" value="21"/>
    <property name="sun.cpu.isalist" value="amd64"/>
    <property name="sun.jnu.encoding" value="Cp1252"/>
    <property name="java.class.path" value="D:\Tecnologia da Informação (TI)\P6 2024.2\TESTE DE SOFTWARE I\Projeto\batalha\target\test-classes;D:\Tecnologia da Informação (TI)\P6 2024.2\TESTE DE SOFTWARE I\Projeto\batalha\target\classes;C:\Users\duda_\.m2\repository\org\junit\platform\junit-platform-suite\1.11.0-M2\junit-platform-suite-1.11.0-M2.jar;C:\Users\duda_\.m2\repository\org\junit\platform\junit-platform-suite-api\1.11.0-M2\junit-platform-suite-api-1.11.0-M2.jar;C:\Users\duda_\.m2\repository\org\junit\platform\junit-platform-commons\1.11.0-M2\junit-platform-commons-1.11.0-M2.jar;C:\Users\duda_\.m2\repository\org\junit\platform\junit-platform-suite-engine\1.11.0-M2\junit-platform-suite-engine-1.11.0-M2.jar;C:\Users\duda_\.m2\repository\org\junit\platform\junit-platform-engine\1.11.0-M2\junit-platform-engine-1.11.0-M2.jar;C:\Users\duda_\.m2\repository\org\junit\platform\junit-platform-suite-commons\1.11.0-M2\junit-platform-suite-commons-1.11.0-M2.jar;C:\Users\duda_\.m2\repository\org\junit\platform\junit-platform-launcher\1.11.0-M2\junit-platform-launcher-1.11.0-M2.jar;C:\Users\duda_\.m2\repository\org\junit\jupiter\junit-jupiter-migrationsupport\5.11.0-M2\junit-jupiter-migrationsupport-5.11.0-M2.jar;C:\Users\duda_\.m2\repository\junit\junit\4.13.2\junit-4.13.2.jar;C:\Users\duda_\.m2\repository\org\hamcrest\hamcrest-core\1.3\hamcrest-core-1.3.jar;C:\Users\duda_\.m2\repository\org\junit\jupiter\junit-jupiter-api\5.11.0-M2\junit-jupiter-api-5.11.0-M2.jar;C:\Users\duda_\.m2\repository\org\opentest4j\opentest4j\1.3.0\opentest4j-1.3.0.jar;C:\Users\duda_\.m2\repository\org\apiguardian\apiguardian-api\1.1.2\apiguardian-api-1.1.2.jar;C:\Users\duda_\.m2\repository\org\junit\jupiter\junit-jupiter-params\5.11.0-M2\junit-jupiter-params-5.11.0-M2.jar;"/>
    <property name="java.vm.vendor" value="Oracle Corporation"/>
    <property name="sun.arch.data.model" value="64"/>
    <property name="user.variant" value=""/>
    <property name="java.vendor.url" value="https://java.oracle.com/"/>
    <property name="user.timezone" value="America/Sao_Paulo"/>
    <property name="os.name" value="Windows 11"/>
    <property name="java.vm.specification.version" value="21"/>
    <property name="sun.java.launcher" value="SUN_STANDARD"/>
    <property name="user.country" value="BR"/>
    <property name="sun.boot.library.path" value="C:\Program Files\Java\jdk-21\bin"/>
    <property name="sun.java.command" value="C:\Users\duda_\AppData\Local\Temp\surefire9190859659873405085\surefirebooter-20241214180231538_3.jar C:\Users\duda_\AppData\Local\Temp\surefire9190859659873405085 2024-12-14T18-02-31_396-jvmRun1 surefire-20241214180231538_1tmp surefire_0-20241214180231538_2tmp"/>
    <property name="jdk.debug" value="release"/>
    <property name="surefire.test.class.path" value="D:\Tecnologia da Informação (TI)\P6 2024.2\TESTE DE SOFTWARE I\Projeto\batalha\target\test-classes;D:\Tecnologia da Informação (TI)\P6 2024.2\TESTE DE SOFTWARE I\Projeto\batalha\target\classes;C:\Users\duda_\.m2\repository\org\junit\platform\junit-platform-suite\1.11.0-M2\junit-platform-suite-1.11.0-M2.jar;C:\Users\duda_\.m2\repository\org\junit\platform\junit-platform-suite-api\1.11.0-M2\junit-platform-suite-api-1.11.0-M2.jar;C:\Users\duda_\.m2\repository\org\junit\platform\junit-platform-commons\1.11.0-M2\junit-platform-commons-1.11.0-M2.jar;C:\Users\duda_\.m2\repository\org\junit\platform\junit-platform-suite-engine\1.11.0-M2\junit-platform-suite-engine-1.11.0-M2.jar;C:\Users\duda_\.m2\repository\org\junit\platform\junit-platform-engine\1.11.0-M2\junit-platform-engine-1.11.0-M2.jar;C:\Users\duda_\.m2\repository\org\junit\platform\junit-platform-suite-commons\1.11.0-M2\junit-platform-suite-commons-1.11.0-M2.jar;C:\Users\duda_\.m2\repository\org\junit\platform\junit-platform-launcher\1.11.0-M2\junit-platform-launcher-1.11.0-M2.jar;C:\Users\duda_\.m2\repository\org\junit\jupiter\junit-jupiter-migrationsupport\5.11.0-M2\junit-jupiter-migrationsupport-5.11.0-M2.jar;C:\Users\duda_\.m2\repository\junit\junit\4.13.2\junit-4.13.2.jar;C:\Users\duda_\.m2\repository\org\hamcrest\hamcrest-core\1.3\hamcrest-core-1.3.jar;C:\Users\duda_\.m2\repository\org\junit\jupiter\junit-jupiter-api\5.11.0-M2\junit-jupiter-api-5.11.0-M2.jar;C:\Users\duda_\.m2\repository\org\opentest4j\opentest4j\1.3.0\opentest4j-1.3.0.jar;C:\Users\duda_\.m2\repository\org\apiguardian\apiguardian-api\1.1.2\apiguardian-api-1.1.2.jar;C:\Users\duda_\.m2\repository\org\junit\jupiter\junit-jupiter-params\5.11.0-M2\junit-jupiter-params-5.11.0-M2.jar;"/>
    <property name="sun.cpu.endian" value="little"/>
    <property name="user.home" value="C:\Users\duda_"/>
    <property name="user.language" value="pt"/>
    <property name="java.specification.vendor" value="Oracle Corporation"/>
    <property name="java.version.date" value="2024-01-16"/>
    <property name="java.home" value="C:\Program Files\Java\jdk-21"/>
    <property name="file.separator" value="\"/>
    <property name="basedir" value="D:\Tecnologia da Informação (TI)\P6 2024.2\TESTE DE SOFTWARE I\Projeto\batalha"/>
    <property name="java.vm.compressedOopsMode" value="Zero based"/>
    <property name="line.separator" value="&#10;"/>
    <property name="java.vm.specification.vendor" value="Oracle Corporation"/>
    <property name="java.specification.name" value="Java Platform API Specification"/>
    <property name="surefire.real.class.path" value="C:\Users\duda_\AppData\Local\Temp\surefire9190859659873405085\surefirebooter-20241214180231538_3.jar"/>
    <property name="user.script" value=""/>
    <property name="sun.management.compiler" value="HotSpot 64-Bit Tiered Compilers"/>
    <property name="java.runtime.version" value="21.0.2+13-LTS-58"/>
    <property name="user.name" value="duda_"/>
    <property name="stdout.encoding" value="Cp1252"/>
    <property name="path.separator" value=";"/>
    <property name="os.version" value="10.0"/>
    <property name="java.runtime.name" value="Java(TM) SE Runtime Environment"/>
    <property name="file.encoding" value="UTF-8"/>
    <property name="java.vm.name" value="Java HotSpot(TM) 64-Bit Server VM"/>
    <property name="localRepository" value="C:\Users\duda_\.m2\repository"/>
    <property name="java.vendor.url.bug" value="https://bugreport.java.com/bugreport/"/>
    <property name="java.io.tmpdir" value="C:\Users\duda_\AppData\Local\Temp\"/>
    <property name="java.version" value="21.0.2"/>
    <property name="user.dir" value="D:\Tecnologia da Informação (TI)\P6 2024.2\TESTE DE SOFTWARE I\Projeto\batalha"/>
    <property name="os.arch" value="amd64"/>
    <property name="java.vm.specification.name" value="Java Virtual Machine Specification"/>
    <property name="sun.os.patch.level" value=""/>
    <property name="native.encoding" value="Cp1252"/>
    <property name="java.library.path" value="C:\Program Files\Java\jdk-21\bin;C:\WINDOWS\Sun\Java\bin;C:\WINDOWS\system32;C:\WINDOWS;C:\Python312\Scripts\;C:\Python312\;C:\Program Files\Common Files\Oracle\Java\javapath;C:\Program Files (x86)\Common Files\Oracle\Java\java8path;C:\Program Files (x86)\Common Files\Oracle\Java\javapath;C:\Windows\system32;C:\Windows;C:\Windows\System32\Wbem;C:\Windows\System32\WindowsPowerShell\v1.0\;C:\Windows\System32\OpenSSH\;C:\Program Files (x86)\NVIDIA Corporation\PhysX\Common;C:\Program Files\NVIDIA Corporation\NVIDIA NvDLISR;C:\WINDOWS\system32;C:\WINDOWS;C:\WINDOWS\System32\Wbem;C:\WINDOWS\System32\WindowsPowerShell\v1.0\;C:\WINDOWS\System32\OpenSSH\;C:\Program Files\dotnet\;C:\msys64\mingw64\bin;C:\Program Files (x86)\dotnet\;C;C:\Program Files\Docker\Docker\resources\bin;C:\MinGW;C:\Users\duda_\Downloads\maven\apache-maven-3.9.6\bin;C:\Program Files\Java\jdk-20\bin;C:\Program Files\Java\jdk-21\bin;C:\Program Files\nodejs\;C:\ProgramData\chocolatey\bin;C:\Program Files\Java\jdk-17\bin;C:\Program Files\apache-maven-3.9.6\bin;C:\Program Files\Java\jdk-21\bin;C:\Program Files (x86)\Bitvise SSH Client;C:\Program Files\Git\cmd;C:\Users\duda_\anaconda3;C:\Users\duda_\anaconda3\Library\mingw-w64\bin;C:\Users\duda_\anaconda3\Library\usr\bin;C:\Users\duda_\anaconda3\Library\bin;C:\Users\duda_\anaconda3\Scripts;C:\Program Files\MySQL\MySQL Shell 8.0\bin\;C:\Program Files\NCBI\blast-2.14.1+\bin;C:\Users\duda_\AppData\Local\Programs\Python\Python37-32\Scripts\;C:\Users\duda_\AppData\Local\Programs\Python\Python37-32\;C:\Users\duda_\AppData\Local\Programs\Python\Python310\Scripts\;C:\Users\duda_\AppData\Local\Programs\Python\Python310\;C:\Users\duda_\AppData\Local\Microsoft\WindowsApps;C:\Users\duda_\AppData\Local\Programs\Microsoft VS Code\bin;C:\Users\duda_\.dotnet\tools;C:\Program Files\NCBI\blast-2.14.1+\bin;C:\Program Files\Cppcheck;D:\flawfinder-2.0.19;C:\Users\duda_\AppData\Roaming\npm;C:\Program Files\Java\jdk-17\bin;C:\Program Files\Java\jdk-21\bin;C:\Users\duda_\AppData\Local\Microsoft\WinGet\Packages\Schniz.fnm_Microsoft.Winget.Source_8wekyb3d8bbwe;;."/>
    <property name="java.vm.info" value="mixed mode, sharing"/>
    <property name="stderr.encoding" value="Cp1252"/>
    <property name="java.vendor" value="Oracle Corporation"/>
    <property name="java.vm.version" value="21.0.2+13-LTS-58"/>
    <property name="sun.io.unicode.encoding" value="UnicodeLittle"/>
    <property name="java.class.version" value="65.0"/>
  </properties>
  <testcase name="testeChecarRegraDeClasseAssassinoLancaExcecao" classname="batalha.PersonagemTest" time="0.002"/>
  <testcase name="testeChecarTotalIgualA21_LancaExcecao" classname="batalha.PersonagemTest" time="0.002"/>
  <testcase name="testeChecarMinimoIgualA3_NaoLancaExcecao" classname="batalha.PersonagemTest" time="0.002"/>
  <testcase name="testeChecarTotalIgualA20_NaoLancaExcecao" classname="batalha.PersonagemTest" time="0.001"/>
  <testcase name="testeChecarMinimoIgualA2_LancaExcecao" classname="batalha.PersonagemTest" time="0.002"/>
  <testcase name="testeChecarMinimoIgualA4_NaoLancaExcecao" classname="batalha.PersonagemTest" time="0.002"/>
  <testcase name="testeChecarRegraDeClasseAssassinoValido" classname="batalha.PersonagemTest" time="0.003"/>
  <testcase name="testeChecarRegraDeClasseGuerreiroValido" classname="batalha.PersonagemTest" time="0.001"/>
  <testcase name="testeChecarRegraDeClasseGuerreiroLancaExcecao" classname="batalha.PersonagemTest" time="0.002"/>
  <testcase name="testeChecarTotalIgualA19_LancaExcecao" classname="batalha.PersonagemTest" time="0.002"/>
</testsuite>